<?xml version="1.0" encoding="UTF-8"?>
<testng-results ignored="0" total="1" passed="1" failed="0" skipped="0">
  <reporter-output>
  </reporter-output>
  <suite started-at="2025-10-17T17:10:08 IST" name="Suite" finished-at="2025-10-17T17:10:57 IST" duration-ms="49209">
    <groups>
    </groups>
    <test started-at="2025-10-17T17:10:08 IST" name="Test" finished-at="2025-10-17T17:10:57 IST" duration-ms="49209">
      <class name="arttoframe.Crm_Email.Testbillionaire">
        <test-method signature="openbillionaire()[pri:0, instance:arttoframe.Crm_Email.Testbillionaire@56620197]" started-at="2025-10-17T17:10:08 IST" name="openbillionaire" finished-at="2025-10-17T17:10:57 IST" duration-ms="49148" status="PASS">
          <reporter-output>
          </reporter-output>
        </test-method> <!-- openbillionaire -->
      </class> <!-- arttoframe.Crm_Email.Testbillionaire -->
    </test> <!-- Test -->
  </suite> <!-- Suite -->
</testng-results>
