<?xml version="1.0" encoding="UTF-8"?>
<testng-results ignored="0" total="1" passed="1" failed="0" skipped="0">
  <reporter-output>
  </reporter-output>
  <suite started-at="2025-10-17T15:52:22 IST" name="Default suite" finished-at="2025-10-17T15:52:32 IST" duration-ms="9503">
    <groups>
    </groups>
    <test started-at="2025-10-17T15:52:22 IST" name="Default test" finished-at="2025-10-17T15:52:32 IST" duration-ms="9503">
      <class name="arttoframe.Crm_Email.Testbillionaire">
        <test-method signature="openbillionaire()[pri:0, instance:arttoframe.Crm_Email.Testbillionaire@4f18837a]" started-at="2025-10-17T15:52:22 IST" name="openbillionaire" finished-at="2025-10-17T15:52:32 IST" duration-ms="9451" status="PASS">
          <reporter-output>
          </reporter-output>
        </test-method> <!-- openbillionaire -->
      </class> <!-- arttoframe.Crm_Email.Testbillionaire -->
    </test> <!-- Default test -->
  </suite> <!-- Default suite -->
</testng-results>
